<?xml version="1.0" encoding="UTF-8"?>
<!-- Generated by org.testng.reporters.JUnitXMLReporter -->
<testsuite tests="67" failures="0" timestamp="28 Oct 2014 15:47:11 GMT" time="0.543" errors="0">
  <testcase name="test_racEnabled" time="0.022" classname="Game_JML_Test"/>
  <testcase name="test_movePlayer__Position_newPosition__0" time="0.002" classname="Game_JML_Test"/>
  <testcase name="test_movePlayer__Position_newPosition__0" time="0.003" classname="Game_JML_Test"/>
  <testcase name="test_movePlayer__Position_newPosition__0" time="0.003" classname="Game_JML_Test"/>
  <testcase name="test_movePlayer__Position_newPosition__0" time="0.003" classname="Game_JML_Test"/>
  <testcase name="test_movePlayer__Position_newPosition__0" time="0.003" classname="Game_JML_Test"/>
  <testcase name="test_movePlayer__Position_newPosition__0" time="0.015" classname="Game_JML_Test"/>
  <testcase name="test_movePlayer__Position_newPosition__0" time="0.004" classname="Game_JML_Test"/>
  <testcase name="test_movePlayer__Position_newPosition__0" time="0.006" classname="Game_JML_Test"/>
  <testcase name="test_movePlayer__Position_newPosition__0" time="0.008" classname="Game_JML_Test"/>
  <testcase name="test_movePlayer__Position_newPosition__0" time="0.004" classname="Game_JML_Test"/>
  <testcase name="test_movePlayer__Position_newPosition__0" time="0.002" classname="Game_JML_Test"/>
  <testcase name="test_movePlayer__Position_newPosition__0" time="0.002" classname="Game_JML_Test"/>
  <testcase name="test_movePlayer__Position_newPosition__0" time="0.0" classname="Game_JML_Test"/>
  <testcase name="test_movePlayer__Position_newPosition__0" time="0.001" classname="Game_JML_Test"/>
  <testcase name="test_movePlayer__Position_newPosition__0" time="0.001" classname="Game_JML_Test"/>
  <testcase name="test_movePlayer__Position_newPosition__0" time="0.003" classname="Game_JML_Test"/>
  <testcase name="test_movePlayer__Position_newPosition__0" time="0.001" classname="Game_JML_Test"/>
  <testcase name="test_movePlayer__Position_newPosition__0" time="0.002" classname="Game_JML_Test"/>
  <testcase name="test_movePlayer__Position_newPosition__0" time="0.002" classname="Game_JML_Test"/>
  <testcase name="test_movePlayer__Position_newPosition__0" time="0.002" classname="Game_JML_Test"/>
  <testcase name="test_movePlayer__Position_newPosition__0" time="0.003" classname="Game_JML_Test"/>
  <testcase name="test_movePlayer__Position_newPosition__0" time="0.006" classname="Game_JML_Test"/>
  <testcase name="test_movePlayer__Position_newPosition__0" time="0.004" classname="Game_JML_Test"/>
  <testcase name="test_movePlayer__Position_newPosition__0" time="0.003" classname="Game_JML_Test"/>
  <testcase name="test_movePlayer__Position_newPosition__0" time="0.002" classname="Game_JML_Test"/>
  <testcase name="test_movePlayer__Position_newPosition__0" time="0.002" classname="Game_JML_Test"/>
  <testcase name="test_movePlayer__Position_newPosition__0" time="0.003" classname="Game_JML_Test"/>
  <testcase name="test_movePlayer__Position_newPosition__0" time="0.003" classname="Game_JML_Test"/>
  <testcase name="test_movePlayer__Position_newPosition__0" time="0.004" classname="Game_JML_Test"/>
  <testcase name="test_movePlayer__Position_newPosition__0" time="0.002" classname="Game_JML_Test"/>
  <testcase name="test_movePlayer__Position_newPosition__0" time="0.001" classname="Game_JML_Test"/>
  <testcase name="test_movePlayer__Position_newPosition__0" time="0.001" classname="Game_JML_Test"/>
  <testcase name="test_movePlayer__Position_newPosition__0" time="0.001" classname="Game_JML_Test"/>
  <testcase name="test_movePlayer__Position_newPosition__0" time="0.002" classname="Game_JML_Test"/>
  <testcase name="test_movePlayer__Position_newPosition__0" time="0.001" classname="Game_JML_Test"/>
  <testcase name="test_movePlayer__Position_newPosition__0" time="0.002" classname="Game_JML_Test"/>
  <testcase name="test_movePlayer__Position_newPosition__0" time="0.001" classname="Game_JML_Test"/>
  <testcase name="test_movePlayer__Position_newPosition__0" time="0.003" classname="Game_JML_Test"/>
  <testcase name="test_movePlayer__Position_newPosition__0" time="0.011" classname="Game_JML_Test"/>
  <testcase name="test_movePlayer__Position_newPosition__0" time="0.005" classname="Game_JML_Test"/>
  <testcase name="test_movePlayer__Position_newPosition__0" time="0.01" classname="Game_JML_Test"/>
  <testcase name="test_movePlayer__Position_newPosition__0" time="0.004" classname="Game_JML_Test"/>
  <testcase name="test_movePlayer__Position_newPosition__0" time="0.005" classname="Game_JML_Test"/>
  <testcase name="test_movePlayer__Position_newPosition__0" time="0.002" classname="Game_JML_Test"/>
  <testcase name="test_movePlayer__Position_newPosition__0" time="0.002" classname="Game_JML_Test"/>
  <testcase name="test_movePlayer__Position_newPosition__0" time="0.001" classname="Game_JML_Test"/>
  <testcase name="test_movePlayer__Position_newPosition__0" time="0.011" classname="Game_JML_Test"/>
  <testcase name="test_movePlayer__Position_newPosition__0" time="0.002" classname="Game_JML_Test"/>
  <testcase name="test_movePlayer__Position_newPosition__0" time="0.001" classname="Game_JML_Test"/>
  <testcase name="test_movePlayer__Position_newPosition__0" time="0.002" classname="Game_JML_Test"/>
  <testcase name="test_movePlayer__Position_newPosition__0" time="0.001" classname="Game_JML_Test"/>
  <testcase name="test_movePlayer__Position_newPosition__0" time="0.003" classname="Game_JML_Test"/>
  <testcase name="test_movePlayer__Position_newPosition__0" time="0.003" classname="Game_JML_Test"/>
  <testcase name="test_movePlayer__Position_newPosition__0" time="0.004" classname="Game_JML_Test"/>
  <testcase name="test_movePlayer__Position_newPosition__0" time="0.001" classname="Game_JML_Test"/>
  <testcase name="test_movePlayer__Position_newPosition__0" time="0.002" classname="Game_JML_Test"/>
  <testcase name="test_movePlayer__Position_newPosition__0" time="0.001" classname="Game_JML_Test"/>
  <testcase name="test_movePlayer__Position_newPosition__0" time="0.002" classname="Game_JML_Test"/>
  <testcase name="test_movePlayer__Position_newPosition__0" time="0.002" classname="Game_JML_Test"/>
  <testcase name="test_movePlayer__Position_newPosition__0" time="0.002" classname="Game_JML_Test"/>
  <testcase name="test_movePlayer__Position_newPosition__0" time="0.018" classname="Game_JML_Test">
    <skipped/>
  </testcase> <!-- test_movePlayer__Position_newPosition__0 -->
  <testcase name="test_movePlayer__Position_newPosition__0" time="0.006" classname="Game_JML_Test">
    <skipped/>
  </testcase> <!-- test_movePlayer__Position_newPosition__0 -->
  <testcase name="test_movePlayer__Position_newPosition__0" time="0.009" classname="Game_JML_Test">
    <skipped/>
  </testcase> <!-- test_movePlayer__Position_newPosition__0 -->
  <testcase name="test_movePlayer__Position_newPosition__0" time="0.006" classname="Game_JML_Test">
    <skipped/>
  </testcase> <!-- test_movePlayer__Position_newPosition__0 -->
  <testcase name="test_movePlayer__Position_newPosition__0" time="0.01" classname="Game_JML_Test">
    <skipped/>
  </testcase> <!-- test_movePlayer__Position_newPosition__0 -->
  <testcase name="test_movePlayer__Position_newPosition__0" time="0.008" classname="Game_JML_Test">
    <skipped/>
  </testcase> <!-- test_movePlayer__Position_newPosition__0 -->
</testsuite>
