<?xml version="1.0" encoding="UTF-8"?>
<!-- Generated by org.testng.reporters.JUnitXMLReporter -->
<testsuite tests="45" failures="0" timestamp="28 Oct 2014 14:54:01 GMT" time="0.345" errors="0">
  <testcase name="test_racEnabled" time="0.029" classname="Game_JML_Test"/>
  <testcase name="test_movePlayer__Position_newPosition__0" time="0.002" classname="Game_JML_Test"/>
  <testcase name="test_movePlayer__Position_newPosition__0" time="0.002" classname="Game_JML_Test"/>
  <testcase name="test_movePlayer__Position_newPosition__0" time="0.002" classname="Game_JML_Test"/>
  <testcase name="test_movePlayer__Position_newPosition__0" time="0.002" classname="Game_JML_Test"/>
  <testcase name="test_movePlayer__Position_newPosition__0" time="0.012" classname="Game_JML_Test"/>
  <testcase name="test_movePlayer__Position_newPosition__0" time="0.01" classname="Game_JML_Test"/>
  <testcase name="test_movePlayer__Position_newPosition__0" time="0.005" classname="Game_JML_Test"/>
  <testcase name="test_movePlayer__Position_newPosition__0" time="0.004" classname="Game_JML_Test"/>
  <testcase name="test_movePlayer__Position_newPosition__0" time="0.0" classname="Game_JML_Test"/>
  <testcase name="test_movePlayer__Position_newPosition__0" time="0.001" classname="Game_JML_Test"/>
  <testcase name="test_movePlayer__Position_newPosition__0" time="0.001" classname="Game_JML_Test"/>
  <testcase name="test_movePlayer__Position_newPosition__0" time="0.002" classname="Game_JML_Test"/>
  <testcase name="test_movePlayer__Position_newPosition__0" time="0.003" classname="Game_JML_Test"/>
  <testcase name="test_movePlayer__Position_newPosition__0" time="0.004" classname="Game_JML_Test"/>
  <testcase name="test_movePlayer__Position_newPosition__0" time="0.002" classname="Game_JML_Test"/>
  <testcase name="test_movePlayer__Position_newPosition__0" time="0.004" classname="Game_JML_Test"/>
  <testcase name="test_movePlayer__Position_newPosition__0" time="0.003" classname="Game_JML_Test"/>
  <testcase name="test_movePlayer__Position_newPosition__0" time="0.003" classname="Game_JML_Test"/>
  <testcase name="test_movePlayer__Position_newPosition__0" time="0.003" classname="Game_JML_Test"/>
  <testcase name="test_movePlayer__Position_newPosition__0" time="0.003" classname="Game_JML_Test"/>
  <testcase name="test_movePlayer__Position_newPosition__0" time="0.0" classname="Game_JML_Test"/>
  <testcase name="test_movePlayer__Position_newPosition__0" time="0.001" classname="Game_JML_Test"/>
  <testcase name="test_movePlayer__Position_newPosition__0" time="0.002" classname="Game_JML_Test"/>
  <testcase name="test_movePlayer__Position_newPosition__0" time="0.001" classname="Game_JML_Test"/>
  <testcase name="test_movePlayer__Position_newPosition__0" time="0.002" classname="Game_JML_Test"/>
  <testcase name="test_movePlayer__Position_newPosition__0" time="0.003" classname="Game_JML_Test"/>
  <testcase name="test_movePlayer__Position_newPosition__0" time="0.004" classname="Game_JML_Test"/>
  <testcase name="test_movePlayer__Position_newPosition__0" time="0.003" classname="Game_JML_Test"/>
  <testcase name="test_movePlayer__Position_newPosition__0" time="0.001" classname="Game_JML_Test"/>
  <testcase name="test_movePlayer__Position_newPosition__0" time="0.002" classname="Game_JML_Test"/>
  <testcase name="test_movePlayer__Position_newPosition__0" time="0.001" classname="Game_JML_Test"/>
  <testcase name="test_movePlayer__Position_newPosition__0" time="0.001" classname="Game_JML_Test"/>
  <testcase name="test_movePlayer__Position_newPosition__0" time="0.002" classname="Game_JML_Test"/>
  <testcase name="test_movePlayer__Position_newPosition__0" time="0.0" classname="Game_JML_Test"/>
  <testcase name="test_movePlayer__Position_newPosition__0" time="0.001" classname="Game_JML_Test"/>
  <testcase name="test_movePlayer__Position_newPosition__0" time="0.001" classname="Game_JML_Test"/>
  <testcase name="test_movePlayer__Position_newPosition__0" time="0.001" classname="Game_JML_Test"/>
  <testcase name="test_movePlayer__Position_newPosition__0" time="0.001" classname="Game_JML_Test"/>
  <testcase name="test_movePlayer__Position_newPosition__0" time="0.001" classname="Game_JML_Test"/>
  <testcase name="test_movePlayer__Position_newPosition__0" time="0.001" classname="Game_JML_Test"/>
  <testcase name="test_movePlayer__Position_newPosition__0" time="0.005" classname="Game_JML_Test">
    <skipped/>
  </testcase> <!-- test_movePlayer__Position_newPosition__0 -->
  <testcase name="test_movePlayer__Position_newPosition__0" time="0.002" classname="Game_JML_Test">
    <skipped/>
  </testcase> <!-- test_movePlayer__Position_newPosition__0 -->
  <testcase name="test_movePlayer__Position_newPosition__0" time="0.001" classname="Game_JML_Test">
    <skipped/>
  </testcase> <!-- test_movePlayer__Position_newPosition__0 -->
  <testcase name="test_movePlayer__Position_newPosition__0" time="0.005" classname="Game_JML_Test">
    <skipped/>
  </testcase> <!-- test_movePlayer__Position_newPosition__0 -->
</testsuite>
